INFO: [SIM 2] *************** CSIM start ***************
INFO: [SIM 4] CSIM will launch GCC as the compiler.
   Compiling ../../../../danke_testbench.cpp in debug mode
   Compiling ../../../../danke.cpp in debug mode
   Generating csim.exe
Starting DANKE core!
[BOOT] Core ID: 0
[FETCH] Program counter: 0x0
[FETCH] Fetched instruction: 0x400410
[DECODE] Opcode: 0x1
[DECODE] Destination Reg: 0x1
[DECODE] Operand 1: 0x0
[DECODE] Operand 2: 0x1
[EXECUTE] Performing integer op add 
[EXECUTE] Integer op result: 0x1
[FETCH] Program counter: 0x1
[FETCH] Fetched instruction: 0x08020
[DECODE] Opcode: 0x0
[DECODE] Destination Reg: 0x2
[DECODE] Operand 1: 0x0
[DECODE] Operand 2: 0x0
[EXECUTE] Performing integer op add 
[EXECUTE] Integer op result: 0x0
[FETCH] Program counter: 0x2
[FETCH] Fetched instruction: 0x0a00005
[DECODE] Opcode: 0x2
[DECODE] Destination Reg: 0x0
[DECODE] Operand 1: 0x0
[DECODE] Operand 2: 0x0
[EXECUTE] Performing branch!
[EXECUTE] Branch taken!
[FETCH] Program counter: 0x7
[FETCH] Fetched instruction: 0x0c00020
[DECODE] Opcode: 0x3
[DECODE] Destination Reg: 0x2
[DECODE] Operand 1: 0x0
[DECODE] Operand 2: 0x0
[EXECUTE] Performing load!
[EXECUTE] Read value: 0x0a
[EXECUTE] Read address: 0x0
[FETCH] Program counter: 0x08
[FETCH] Fetched instruction: 0x28020
[DECODE] Opcode: 0x0
[DECODE] Destination Reg: 0x2
[DECODE] Operand 1: 0x0a
[DECODE] Operand 2: 0x0
[EXECUTE] Performing integer op add 
[EXECUTE] Integer op result: 0x0a
[FETCH] Program counter: 0x09
[FETCH] Fetched instruction: 0x1020010
[DECODE] Opcode: 0x4
[DECODE] Destination Reg: 0x1
[DECODE] Operand 1: 0x0a
[DECODE] Operand 2: 0x0
[EXECUTE] Performing store!
[EXECUTE] Store value: 0x1
[EXECUTE] Store address: 0x0a
[FETCH] Program counter: 0x0a
[FETCH] Fetched instruction: 0x1800000
[DECODE] Opcode: 0x6
[DECODE] Destination Reg: 0x0
[DECODE] Operand 1: 0x0
[DECODE] Operand 2: 0x0
[EXECUTE] Performing halt!
[BOOT] Core ID: 1
[FETCH] Program counter: 0x0
[FETCH] Fetched instruction: 0x400410
[DECODE] Opcode: 0x1
[DECODE] Destination Reg: 0x1
[DECODE] Operand 1: 0x0
[DECODE] Operand 2: 0x1
[EXECUTE] Performing integer op add 
[EXECUTE] Integer op result: 0x1
[FETCH] Program counter: 0x1
[FETCH] Fetched instruction: 0x08020
[DECODE] Opcode: 0x0
[DECODE] Destination Reg: 0x2
[DECODE] Operand 1: 0x0
[DECODE] Operand 2: 0x1
[EXECUTE] Performing integer op add 
[EXECUTE] Integer op result: 0x1
[FETCH] Program counter: 0x2
[FETCH] Fetched instruction: 0x0a00005
[DECODE] Opcode: 0x2
[DECODE] Destination Reg: 0x0
[DECODE] Operand 1: 0x1
[DECODE] Operand 2: 0x0
[EXECUTE] Performing branch!
[EXECUTE] Branch not taken!
[FETCH] Program counter: 0x3
[FETCH] Fetched instruction: 0x20412
[DECODE] Opcode: 0x0
[DECODE] Destination Reg: 0x1
[DECODE] Operand 1: 0x1
[DECODE] Operand 2: 0x1
[EXECUTE] Performing integer op mul 
[EXECUTE] Integer op result: 0x1
[FETCH] Program counter: 0x4
[FETCH] Fetched instruction: 0x420421
[DECODE] Opcode: 0x1
[DECODE] Destination Reg: 0x2
[DECODE] Operand 1: 0x1
[DECODE] Operand 2: 0x1
[EXECUTE] Performing integer op sub 
[EXECUTE] Integer op result: 0x0
[FETCH] Program counter: 0x5
[FETCH] Fetched instruction: 0x20038
[DECODE] Opcode: 0x0
[DECODE] Destination Reg: 0x3
[DECODE] Operand 1: 0x0
[DECODE] Operand 2: 0x0
[EXECUTE] Performing integer op eq 
[EXECUTE] Integer op result: 0x1
[FETCH] Program counter: 0x6
[FETCH] Fetched instruction: 0x08303fd
[DECODE] Opcode: 0x2
[DECODE] Destination Reg: 0x3f
[DECODE] Operand 1: 0x1
[DECODE] Operand 2: 0x0
[EXECUTE] Performing branch!
[EXECUTE] Branch not taken!
[FETCH] Program counter: 0x7
[FETCH] Fetched instruction: 0x0c00020
[DECODE] Opcode: 0x3
[DECODE] Destination Reg: 0x2
[DECODE] Operand 1: 0x0
[DECODE] Operand 2: 0x0
[EXECUTE] Performing load!
[EXECUTE] Read value: 0x0a
[EXECUTE] Read address: 0x0
[FETCH] Program counter: 0x08
[FETCH] Fetched instruction: 0x28020
[DECODE] Opcode: 0x0
[DECODE] Destination Reg: 0x2
[DECODE] Operand 1: 0x0a
[DECODE] Operand 2: 0x1
[EXECUTE] Performing integer op add 
[EXECUTE] Integer op result: 0x0b
[FETCH] Program counter: 0x09
[FETCH] Fetched instruction: 0x1020010
[DECODE] Opcode: 0x4
[DECODE] Destination Reg: 0x1
[DECODE] Operand 1: 0x0b
[DECODE] Operand 2: 0x0
[EXECUTE] Performing store!
[EXECUTE] Store value: 0x1
[EXECUTE] Store address: 0x0b
[FETCH] Program counter: 0x0a
[FETCH] Fetched instruction: 0x1800000
[DECODE] Opcode: 0x6
[DECODE] Destination Reg: 0x0
[DECODE] Operand 1: 0x0
[DECODE] Operand 2: 0x0
[EXECUTE] Performing halt!
[BOOT] Core ID: 2
[FETCH] Program counter: 0x0
[FETCH] Fetched instruction: 0x400410
[DECODE] Opcode: 0x1
[DECODE] Destination Reg: 0x1
[DECODE] Operand 1: 0x0
[DECODE] Operand 2: 0x1
[EXECUTE] Performing integer op add 
[EXECUTE] Integer op result: 0x1
[FETCH] Program counter: 0x1
[FETCH] Fetched instruction: 0x08020
[DECODE] Opcode: 0x0
[DECODE] Destination Reg: 0x2
[DECODE] Operand 1: 0x0
[DECODE] Operand 2: 0x2
[EXECUTE] Performing integer op add 
[EXECUTE] Integer op result: 0x2
[FETCH] Program counter: 0x2
[FETCH] Fetched instruction: 0x0a00005
[DECODE] Opcode: 0x2
[DECODE] Destination Reg: 0x0
[DECODE] Operand 1: 0x2
[DECODE] Operand 2: 0x0
[EXECUTE] Performing branch!
[EXECUTE] Branch not taken!
[FETCH] Program counter: 0x3
[FETCH] Fetched instruction: 0x20412
[DECODE] Opcode: 0x0
[DECODE] Destination Reg: 0x1
[DECODE] Operand 1: 0x2
[DECODE] Operand 2: 0x1
[EXECUTE] Performing integer op mul 
[EXECUTE] Integer op result: 0x2
[FETCH] Program counter: 0x4
[FETCH] Fetched instruction: 0x420421
[DECODE] Opcode: 0x1
[DECODE] Destination Reg: 0x2
[DECODE] Operand 1: 0x2
[DECODE] Operand 2: 0x1
[EXECUTE] Performing integer op sub 
[EXECUTE] Integer op result: 0x1
[FETCH] Program counter: 0x5
[FETCH] Fetched instruction: 0x20038
[DECODE] Opcode: 0x0
[DECODE] Destination Reg: 0x3
[DECODE] Operand 1: 0x1
[DECODE] Operand 2: 0x0
[EXECUTE] Performing integer op eq 
[EXECUTE] Integer op result: 0x0
[FETCH] Program counter: 0x6
[FETCH] Fetched instruction: 0x08303fd
[DECODE] Opcode: 0x2
[DECODE] Destination Reg: 0x3f
[DECODE] Operand 1: 0x0
[DECODE] Operand 2: 0x0
[EXECUTE] Performing branch!
[EXECUTE] Branch taken!
[FETCH] Program counter: 0x3
[FETCH] Fetched instruction: 0x20412
[DECODE] Opcode: 0x0
[DECODE] Destination Reg: 0x1
[DECODE] Operand 1: 0x1
[DECODE] Operand 2: 0x2
[EXECUTE] Performing integer op mul 
[EXECUTE] Integer op result: 0x2
[FETCH] Program counter: 0x4
[FETCH] Fetched instruction: 0x420421
[DECODE] Opcode: 0x1
[DECODE] Destination Reg: 0x2
[DECODE] Operand 1: 0x1
[DECODE] Operand 2: 0x1
[EXECUTE] Performing integer op sub 
[EXECUTE] Integer op result: 0x0
[FETCH] Program counter: 0x5
[FETCH] Fetched instruction: 0x20038
[DECODE] Opcode: 0x0
[DECODE] Destination Reg: 0x3
[DECODE] Operand 1: 0x0
[DECODE] Operand 2: 0x0
[EXECUTE] Performing integer op eq 
[EXECUTE] Integer op result: 0x1
[FETCH] Program counter: 0x6
[FETCH] Fetched instruction: 0x08303fd
[DECODE] Opcode: 0x2
[DECODE] Destination Reg: 0x3f
[DECODE] Operand 1: 0x1
[DECODE] Operand 2: 0x0
[EXECUTE] Performing branch!
[EXECUTE] Branch not taken!
[FETCH] Program counter: 0x7
[FETCH] Fetched instruction: 0x0c00020
[DECODE] Opcode: 0x3
[DECODE] Destination Reg: 0x2
[DECODE] Operand 1: 0x0
[DECODE] Operand 2: 0x0
[EXECUTE] Performing load!
[EXECUTE] Read value: 0x0a
[EXECUTE] Read address: 0x0
[FETCH] Program counter: 0x08
[FETCH] Fetched instruction: 0x28020
[DECODE] Opcode: 0x0
[DECODE] Destination Reg: 0x2
[DECODE] Operand 1: 0x0a
[DECODE] Operand 2: 0x2
[EXECUTE] Performing integer op add 
[EXECUTE] Integer op result: 0x0c
[FETCH] Program counter: 0x09
[FETCH] Fetched instruction: 0x1020010
[DECODE] Opcode: 0x4
[DECODE] Destination Reg: 0x1
[DECODE] Operand 1: 0x0c
[DECODE] Operand 2: 0x0
[EXECUTE] Performing store!
[EXECUTE] Store value: 0x2
[EXECUTE] Store address: 0x0c
[FETCH] Program counter: 0x0a
[FETCH] Fetched instruction: 0x1800000
[DECODE] Opcode: 0x6
[DECODE] Destination Reg: 0x0
[DECODE] Operand 1: 0x0
[DECODE] Operand 2: 0x0
[EXECUTE] Performing halt!
[BOOT] Core ID: 3
[FETCH] Program counter: 0x0
[FETCH] Fetched instruction: 0x400410
[DECODE] Opcode: 0x1
[DECODE] Destination Reg: 0x1
[DECODE] Operand 1: 0x0
[DECODE] Operand 2: 0x1
[EXECUTE] Performing integer op add 
[EXECUTE] Integer op result: 0x1
[FETCH] Program counter: 0x1
[FETCH] Fetched instruction: 0x08020
[DECODE] Opcode: 0x0
[DECODE] Destination Reg: 0x2
[DECODE] Operand 1: 0x0
[DECODE] Operand 2: 0x3
[EXECUTE] Performing integer op add 
[EXECUTE] Integer op result: 0x3
[FETCH] Program counter: 0x2
[FETCH] Fetched instruction: 0x0a00005
[DECODE] Opcode: 0x2
[DECODE] Destination Reg: 0x0
[DECODE] Operand 1: 0x3
[DECODE] Operand 2: 0x0
[EXECUTE] Performing branch!
[EXECUTE] Branch not taken!
[FETCH] Program counter: 0x3
[FETCH] Fetched instruction: 0x20412
[DECODE] Opcode: 0x0
[DECODE] Destination Reg: 0x1
[DECODE] Operand 1: 0x3
[DECODE] Operand 2: 0x1
[EXECUTE] Performing integer op mul 
[EXECUTE] Integer op result: 0x3
[FETCH] Program counter: 0x4
[FETCH] Fetched instruction: 0x420421
[DECODE] Opcode: 0x1
[DECODE] Destination Reg: 0x2
[DECODE] Operand 1: 0x3
[DECODE] Operand 2: 0x1
[EXECUTE] Performing integer op sub 
[EXECUTE] Integer op result: 0x2
[FETCH] Program counter: 0x5
[FETCH] Fetched instruction: 0x20038
[DECODE] Opcode: 0x0
[DECODE] Destination Reg: 0x3
[DECODE] Operand 1: 0x2
[DECODE] Operand 2: 0x0
[EXECUTE] Performing integer op eq 
[EXECUTE] Integer op result: 0x0
[FETCH] Program counter: 0x6
[FETCH] Fetched instruction: 0x08303fd
[DECODE] Opcode: 0x2
[DECODE] Destination Reg: 0x3f
[DECODE] Operand 1: 0x0
[DECODE] Operand 2: 0x0
[EXECUTE] Performing branch!
[EXECUTE] Branch taken!
[FETCH] Program counter: 0x3
[FETCH] Fetched instruction: 0x20412
[DECODE] Opcode: 0x0
[DECODE] Destination Reg: 0x1
[DECODE] Operand 1: 0x2
[DECODE] Operand 2: 0x3
[EXECUTE] Performing integer op mul 
[EXECUTE] Integer op result: 0x6
[FETCH] Program counter: 0x4
[FETCH] Fetched instruction: 0x420421
[DECODE] Opcode: 0x1
[DECODE] Destination Reg: 0x2
[DECODE] Operand 1: 0x2
[DECODE] Operand 2: 0x1
[EXECUTE] Performing integer op sub 
[EXECUTE] Integer op result: 0x1
[FETCH] Program counter: 0x5
[FETCH] Fetched instruction: 0x20038
[DECODE] Opcode: 0x0
[DECODE] Destination Reg: 0x3
[DECODE] Operand 1: 0x1
[DECODE] Operand 2: 0x0
[EXECUTE] Performing integer op eq 
[EXECUTE] Integer op result: 0x0
[FETCH] Program counter: 0x6
[FETCH] Fetched instruction: 0x08303fd
[DECODE] Opcode: 0x2
[DECODE] Destination Reg: 0x3f
[DECODE] Operand 1: 0x0
[DECODE] Operand 2: 0x0
[EXECUTE] Performing branch!
[EXECUTE] Branch taken!
[FETCH] Program counter: 0x3
[FETCH] Fetched instruction: 0x20412
[DECODE] Opcode: 0x0
[DECODE] Destination Reg: 0x1
[DECODE] Operand 1: 0x1
[DECODE] Operand 2: 0x6
[EXECUTE] Performing integer op mul 
[EXECUTE] Integer op result: 0x6
[FETCH] Program counter: 0x4
[FETCH] Fetched instruction: 0x420421
[DECODE] Opcode: 0x1
[DECODE] Destination Reg: 0x2
[DECODE] Operand 1: 0x1
[DECODE] Operand 2: 0x1
[EXECUTE] Performing integer op sub 
[EXECUTE] Integer op result: 0x0
[FETCH] Program counter: 0x5
[FETCH] Fetched instruction: 0x20038
[DECODE] Opcode: 0x0
[DECODE] Destination Reg: 0x3
[DECODE] Operand 1: 0x0
[DECODE] Operand 2: 0x0
[EXECUTE] Performing integer op eq 
[EXECUTE] Integer op result: 0x1
[FETCH] Program counter: 0x6
[FETCH] Fetched instruction: 0x08303fd
[DECODE] Opcode: 0x2
[DECODE] Destination Reg: 0x3f
[DECODE] Operand 1: 0x1
[DECODE] Operand 2: 0x0
[EXECUTE] Performing branch!
[EXECUTE] Branch not taken!
[FETCH] Program counter: 0x7
[FETCH] Fetched instruction: 0x0c00020
[DECODE] Opcode: 0x3
[DECODE] Destination Reg: 0x2
[DECODE] Operand 1: 0x0
[DECODE] Operand 2: 0x0
[EXECUTE] Performing load!
[EXECUTE] Read value: 0x0a
[EXECUTE] Read address: 0x0
[FETCH] Program counter: 0x08
[FETCH] Fetched instruction: 0x28020
[DECODE] Opcode: 0x0
[DECODE] Destination Reg: 0x2
[DECODE] Operand 1: 0x0a
[DECODE] Operand 2: 0x3
[EXECUTE] Performing integer op add 
[EXECUTE] Integer op result: 0x0d
[FETCH] Program counter: 0x09
[FETCH] Fetched instruction: 0x1020010
[DECODE] Opcode: 0x4
[DECODE] Destination Reg: 0x1
[DECODE] Operand 1: 0x0d
[DECODE] Operand 2: 0x0
[EXECUTE] Performing store!
[EXECUTE] Store value: 0x6
[EXECUTE] Store address: 0x0d
[FETCH] Program counter: 0x0a
[FETCH] Fetched instruction: 0x1800000
[DECODE] Opcode: 0x6
[DECODE] Destination Reg: 0x0
[DECODE] Operand 1: 0x0
[DECODE] Operand 2: 0x0
[EXECUTE] Performing halt!
DANKE core has completed!
Memory dump:
a: 0x1
b: 0x1
c: 0x2
d: 0x6
INFO: [SIM 1] CSim done with 0 errors.
INFO: [SIM 3] *************** CSIM finish ***************
